<?xml version="1.0" encoding="UTF-8"?>
<!-- Generated by org.testng.reporters.JUnitReportReporter -->
<testsuite hostname="6a29f9d4186b" failures="0" tests="15" name="com.yassine.tests.flightreservation.FlightReservationTest" time="213.936" errors="0" timestamp="2023-11-01T18:45:48 GMT" skipped="0">
  <testcase classname="com.yassine.tests.flightreservation.FlightReservationTest" name="userRegistrationTest" time="61.409"/>
  <testcase classname="com.yassine.tests.flightreservation.FlightReservationTest" name="selectFlightsTest" time="2.611"/>
  <testcase classname="com.yassine.tests.flightreservation.FlightReservationTest" name="registrationConfirmationTest" time="1.873"/>
  <testcase classname="com.yassine.tests.flightreservation.FlightReservationTest" name="selectFlightsTest" time="3.053"/>
  <testcase classname="com.yassine.tests.flightreservation.FlightReservationTest" name="flightSearchTest" time="2.096"/>
  <testcase classname="com.yassine.tests.flightreservation.FlightReservationTest" name="registrationConfirmationTest" time="3.246"/>
  <testcase classname="com.yassine.tests.flightreservation.FlightReservationTest" name="flightSearchTest" time="3.995"/>
  <testcase classname="com.yassine.tests.flightreservation.FlightReservationTest" name="selectFlightsTest" time="2.804"/>
  <testcase classname="com.yassine.tests.flightreservation.FlightReservationTest" name="flightSearchTest" time="2.500"/>
  <testcase classname="com.yassine.tests.flightreservation.FlightReservationTest" name="registrationConfirmationTest" time="1.149"/>
  <testcase classname="com.yassine.tests.flightreservation.FlightReservationTest" name="flightConfirmationTest" time="2.245"/>
  <testcase classname="com.yassine.tests.flightreservation.FlightReservationTest" name="userRegistrationTest" time="61.553"/>
  <testcase classname="com.yassine.tests.flightreservation.FlightReservationTest" name="flightConfirmationTest" time="2.198"/>
  <testcase classname="com.yassine.tests.flightreservation.FlightReservationTest" name="userRegistrationTest" time="61.428"/>
  <testcase classname="com.yassine.tests.flightreservation.FlightReservationTest" name="flightConfirmationTest" time="1.776"/>
</testsuite> <!-- com.yassine.tests.flightreservation.FlightReservationTest -->
